[2024-06-23 18:56:59] Starting winner selection for giveaway ID: GID#AHg
[2024-06-23 18:56:59] Random winner selected: Og9qM0j8
[2024-06-23 18:56:59] Winner recorded in gwinners table
[2024-06-23 18:56:59] Winner selection complete. Winner: adamsjared9
[2024-06-23 18:57:59] Current session data: Array
(
    [giveawayId] => GID#AHg
    [user_token] => 107631000746855871758
    [balance] => 0.00
    [referrer_id] => 
    [current_winner] => adamsjared9
)

[2024-06-23 19:00:00] Winner cleared: adamsjared9
[2024-06-23 19:00:25] No winner to clear
[2024-06-23 19:00:25] No winner to clear
[2024-06-23 19:00:25] No winner to clear
[2024-06-23 20:00:00] No winner to clear
[2024-06-23 20:00:00] No winner to clear
[2024-06-23 20:00:25] No winner to clear
[2024-06-23 20:56:59] Starting winner selection for giveaway ID: GID#lcOZ
[2024-06-23 20:56:59] Random winner selected: T8WTIRG0ECcaYAwI
[2024-06-23 20:56:59] Winner recorded in gwinners table
[2024-06-23 20:56:59] Winner selection complete. Winner: QE_Void
[2024-06-23 20:57:59] Current session data: Array
(
    [user_token] => 105881672496521400300
    [balance] => 0.00
    [referrer_id] => a4JaD8PNSocp9CFi
    [giveawayId] => GID#lcOZ
    [current_winner] => QE_Void
)

[2024-06-23 21:00:25] Winner cleared: QE_Void
[2024-06-23 21:00:25] No winner to clear
[2024-06-23 21:00:25] No winner to clear
[2024-06-23 22:00:25] No winner to clear
[2024-06-23 22:00:25] No winner to clear
[2024-06-23 23:00:25] No winner to clear
[2024-06-23 23:00:25] No winner to clear
[2024-06-23 23:00:25] No winner to clear
[2024-06-24 01:00:21] No winner to clear
